0 info it worked if it ends with ok
1 verbose cli [ '/local/bin/node', '/local/bin/npm', 'install' ]
2 info using npm@1.1.69
3 info using node@v0.8.16
4 verbose node symlink /local/bin/node
5 verbose read json /gpfs/main/home/brresnic/course/cs132/digestable_scrap/package.json
6 error install Couldn't read dependencies
7 error Failed to parse json
7 error Unexpected token {
8 error File: /gpfs/main/home/brresnic/course/cs132/digestable_scrap/package.json
9 error Failed to parse package.json data.
9 error package.json must be actual JSON, not just JavaScript.
9 error
9 error This is not a bug in npm.
9 error Tell the package author to fix their package.json file. JSON.parse
10 error System Linux 3.2.0-4-amd64
11 error command "/local/bin/node" "/local/bin/npm" "install"
12 error cwd /gpfs/main/home/brresnic/course/cs132/digestable_scrap
13 error node -v v0.8.16
14 error npm -v 1.1.69
15 error file /gpfs/main/home/brresnic/course/cs132/digestable_scrap/package.json
16 error code EJSONPARSE
17 verbose exit [ 1, true ]
